<?xml version="1.0" encoding="UTF-8"?>
<testng-results skipped="0" failed="0" ignored="0" total="1" passed="1">
  <reporter-output>
  </reporter-output>
  <suite name="Aone" duration-ms="30105" started-at="2020-05-26T15:17:36Z" finished-at="2020-05-26T15:18:06Z">
    <groups>
    </groups>
    <test name="BankingApp Test" duration-ms="30105" started-at="2020-05-26T15:17:36Z" finished-at="2020-05-26T15:18:06Z">
      <class name="com.Aone.testCases.TC_LoginTest_001">
        <test-method status="PASS" signature="setup(java.lang.String)[pri:0, instance:com.Aone.testCases.TC_LoginTest_001@17c68925]" name="setup" is-config="true" duration-ms="12149" started-at="2020-05-26T15:17:36Z" finished-at="2020-05-26T15:17:49Z">
          <params>
            <param index="0">
              <value>
                <![CDATA[chrome]]>
              </value>
            </param>
          </params>
          <reporter-output>
          </reporter-output>
        </test-method> <!-- setup -->
        <test-method status="PASS" signature="loginTest()[pri:0, instance:com.Aone.testCases.TC_LoginTest_001@17c68925]" name="loginTest" duration-ms="16883" started-at="2020-05-26T15:17:49Z" finished-at="2020-05-26T15:18:05Z">
          <reporter-output>
          </reporter-output>
        </test-method> <!-- loginTest -->
        <test-method status="PASS" signature="tearDown()[pri:0, instance:com.Aone.testCases.TC_LoginTest_001@17c68925]" name="tearDown" is-config="true" duration-ms="780" started-at="2020-05-26T15:18:05Z" finished-at="2020-05-26T15:18:06Z">
          <reporter-output>
          </reporter-output>
        </test-method> <!-- tearDown -->
      </class> <!-- com.Aone.testCases.TC_LoginTest_001 -->
    </test> <!-- BankingApp Test -->
  </suite> <!-- Aone -->
</testng-results>
