<?xml version="1.0" encoding="UTF-8"?>
<!-- Generated by org.testng.reporters.JUnitXMLReporter -->
<testsuite hostname="DESKTOP-8KD9L34" ignored="0" name="BankingApp Test(failed)" tests="3" failures="3" timestamp="06 Apr 2020 18:14:45 GMT" time="78.563" errors="0">
  <testcase name="LoginDDT" time="18.71" classname="com.Aone.testCases.TC_LoginDDTest_002">
    <failure type="java.lang.AssertionError" message="expected [true] but found [false]">
      <![CDATA[java.lang.AssertionError: expected [true] but found [false]
at com.Aone.testCases.TC_LoginDDTest_002.LoginDDT(TC_LoginDDTest_002.java:31)
... Removed 29 stack frames]]>
    </failure>
  </testcase> <!-- LoginDDT -->
  <testcase name="LoginDDT" time="16.788" classname="com.Aone.testCases.TC_LoginDDTest_002">
    <failure type="java.lang.AssertionError" message="expected [true] but found [false]">
      <![CDATA[java.lang.AssertionError: expected [true] but found [false]
at com.Aone.testCases.TC_LoginDDTest_002.LoginDDT(TC_LoginDDTest_002.java:31)
... Removed 29 stack frames]]>
    </failure>
  </testcase> <!-- LoginDDT -->
  <testcase name="LoginDDT" time="16.344" classname="com.Aone.testCases.TC_LoginDDTest_002">
    <failure type="java.lang.AssertionError" message="expected [true] but found [false]">
      <![CDATA[java.lang.AssertionError: expected [true] but found [false]
at com.Aone.testCases.TC_LoginDDTest_002.LoginDDT(TC_LoginDDTest_002.java:31)
... Removed 29 stack frames]]>
    </failure>
  </testcase> <!-- LoginDDT -->
</testsuite> <!-- BankingApp Test(failed) -->
