<?xml version="1.0" encoding="UTF-8"?>
<testng-results skipped="0" failed="0" ignored="0" total="1" passed="1">
  <reporter-output>
  </reporter-output>
  <suite name="Aone" duration-ms="31758" started-at="2020-05-26T15:11:18Z" finished-at="2020-05-26T15:11:50Z">
    <groups>
    </groups>
    <test name="BankingApp Test" duration-ms="31758" started-at="2020-05-26T15:11:18Z" finished-at="2020-05-26T15:11:50Z">
      <class name="com.Aone.testCases.TC_LoginTest_001">
        <test-method status="PASS" signature="setup(java.lang.String)[pri:0, instance:com.Aone.testCases.TC_LoginTest_001@53b32d7]" name="setup" is-config="true" duration-ms="13146" started-at="2020-05-26T15:11:19Z" finished-at="2020-05-26T15:11:32Z">
          <params>
            <param index="0">
              <value>
                <![CDATA[chrome]]>
              </value>
            </param>
          </params>
          <reporter-output>
          </reporter-output>
        </test-method> <!-- setup -->
        <test-method status="PASS" signature="loginTest()[pri:0, instance:com.Aone.testCases.TC_LoginTest_001@53b32d7]" name="loginTest" duration-ms="17556" started-at="2020-05-26T15:11:32Z" finished-at="2020-05-26T15:11:49Z">
          <reporter-output>
          </reporter-output>
        </test-method> <!-- loginTest -->
        <test-method status="PASS" signature="tearDown()[pri:0, instance:com.Aone.testCases.TC_LoginTest_001@53b32d7]" name="tearDown" is-config="true" duration-ms="771" started-at="2020-05-26T15:11:49Z" finished-at="2020-05-26T15:11:50Z">
          <reporter-output>
          </reporter-output>
        </test-method> <!-- tearDown -->
      </class> <!-- com.Aone.testCases.TC_LoginTest_001 -->
    </test> <!-- BankingApp Test -->
  </suite> <!-- Aone -->
</testng-results>
