<?xml version="1.0" encoding="UTF-8"?>
<testng-results skipped="0" failed="0" ignored="0" total="1" passed="1">
  <reporter-output>
  </reporter-output>
  <suite name="Aone" duration-ms="123894" started-at="2020-04-09T14:04:48Z" finished-at="2020-04-09T14:06:52Z">
    <groups>
    </groups>
    <test name="BankingApp Test" duration-ms="123894" started-at="2020-04-09T14:04:48Z" finished-at="2020-04-09T14:06:52Z">
      <class name="com.Aone.testCases.TC_LoginTest_001">
        <test-method status="PASS" signature="setup(java.lang.String)[pri:0, instance:com.Aone.testCases.TC_LoginTest_001@53b32d7]" name="setup" is-config="true" duration-ms="49577" started-at="2020-04-09T14:04:50Z" finished-at="2020-04-09T14:05:40Z">
          <params>
            <param index="0">
              <value>
                <![CDATA[chrome]]>
              </value>
            </param>
          </params>
          <reporter-output>
          </reporter-output>
        </test-method> <!-- setup -->
        <test-method status="PASS" signature="loginTest()[pri:0, instance:com.Aone.testCases.TC_LoginTest_001@53b32d7]" name="loginTest" duration-ms="68527" started-at="2020-04-09T14:05:40Z" finished-at="2020-04-09T14:06:49Z">
          <reporter-output>
          </reporter-output>
        </test-method> <!-- loginTest -->
        <test-method status="PASS" signature="tearDown()[pri:0, instance:com.Aone.testCases.TC_LoginTest_001@53b32d7]" name="tearDown" is-config="true" duration-ms="3713" started-at="2020-04-09T14:06:49Z" finished-at="2020-04-09T14:06:52Z">
          <reporter-output>
          </reporter-output>
        </test-method> <!-- tearDown -->
      </class> <!-- com.Aone.testCases.TC_LoginTest_001 -->
    </test> <!-- BankingApp Test -->
  </suite> <!-- Aone -->
</testng-results>
